currentFrame.level: 1	
currentFrame.level: 2	
currentFrame.level: 1	
currentFrame.level: 2	
currentFrame.level: 3	
currentFrame.level: 3	
currentFrame.level: 1	
currentFrame.level: 1	
currentFrame.level: 2	
currentFrame.level: 1	
currentFrame.level: 1	
currentFrame.level: 3	
currentFrame.level: 1	
currentFrame.level: 1	
currentFrame.level: 1	
currentFrame.level: 1	
currentFrame.level: 2	
currentFrame.level: 3	
currentFrame.level: 3	
currentFrame.level: 1	
currentFrame.level: 2	
currentFrame.level: 1	
currentFrame.level: 3	
currentFrame.level: 3	
currentFrame.level: 2	
currentFrame.level: 2	
currentFrame.level: 3	
currentFrame.level: 3	
currentFrame.level: 1	
currentFrame.level: 1	
currentFrame.level: 1	
currentFrame.level: 1	
currentFrame.level: 3	
currentFrame.level: 1	
currentFrame.level: 1	
currentFrame.level: 2	
currentFrame.level: 1	
currentFrame.level: 1	
currentFrame.level: 1	
currentFrame.level: 1	
currentFrame.level: 2	
currentFrame.level: 1	
currentFrame.level: 3	
currentFrame.level: 1	
currentFrame.level: 1	
currentFrame.level: 1	
currentFrame.level: 1	
currentFrame.level: 1	
currentFrame.level: 1	
Timer finished!	
1	bottom	
2	top	
3	left	
4	right	
5	top-right	
6	top-left	
7	bottom-right	
8	bottom-left	
currentFrame.level: 1	
currentFrame.level: 2	
currentFrame.level: 1	
currentFrame.level: 2	
currentFrame.level: 3	
currentFrame.level: 3	
currentFrame.level: 1	
currentFrame.level: 1	
currentFrame.level: 4	
currentFrame.level: 3	
currentFrame.level: 3	
currentFrame.level: 3	
currentFrame.level: 1	
currentFrame.level: 1	
currentFrame.level: 1	
currentFrame.level: 3	
currentFrame.level: 5	
currentFrame.level: 3	
currentFrame.level: 1	
currentFrame.level: 2	
currentFrame.level: 1	
currentFrame.level: 5	
currentFrame.level: 5	
currentFrame.level: 4	
currentFrame.level: 2	
currentFrame.level: 3	
currentFrame.level: 3	
currentFrame.level: 1	
currentFrame.level: 1	
currentFrame.level: 1	
currentFrame.level: 1	
currentFrame.level: 3	
currentFrame.level: 1	
currentFrame.level: 1	
currentFrame.level: 2	
currentFrame.level: 1	
currentFrame.level: 1	
currentFrame.level: 1	
currentFrame.level: 1	
currentFrame.level: 2	
currentFrame.level: 1	
currentFrame.level: 3	
currentFrame.level: 1	
currentFrame.level: 1	
currentFrame.level: 1	
currentFrame.level: 1	
currentFrame.level: 1	
currentFrame.level: 1	
1	top	
2	right	
3	left	
currentFrame.level: 1	
currentFrame.level: 2	
currentFrame.level: 1	
currentFrame.level: 2	
currentFrame.level: 3	
currentFrame.level: 3	
currentFrame.level: 1	
currentFrame.level: 1	
currentFrame.level: 4	
currentFrame.level: 3	
currentFrame.level: 3	
currentFrame.level: 3	
currentFrame.level: 1	
currentFrame.level: 1	
currentFrame.level: 1	
currentFrame.level: 3	
currentFrame.level: 5	
currentFrame.level: 3	
currentFrame.level: 1	
currentFrame.level: 2	
currentFrame.level: 1	
currentFrame.level: 5	
currentFrame.level: 5	
currentFrame.level: 4	
currentFrame.level: 2	
currentFrame.level: 3	
currentFrame.level: 3	
currentFrame.level: 1	
currentFrame.level: 1	
currentFrame.level: 1	
currentFrame.level: 4	
currentFrame.level: 1	
currentFrame.level: 1	
currentFrame.level: 2	
currentFrame.level: 1	
currentFrame.level: 1	
currentFrame.level: 1	
currentFrame.level: 1	
currentFrame.level: 2	
currentFrame.level: 1	
currentFrame.level: 3	
currentFrame.level: 1	
currentFrame.level: 1	
currentFrame.level: 1	
currentFrame.level: 1	
currentFrame.level: 1	
currentFrame.level: 1	
1	top	
2	right	
3	left	
1	top	
2	right	
3	left	
currentFrame.level: 1	
currentFrame.level: 2	
currentFrame.level: 1	
currentFrame.level: 2	
currentFrame.level: 3	
currentFrame.level: 3	
currentFrame.level: 1	
currentFrame.level: 1	
currentFrame.level: 7	
currentFrame.level: 3	
currentFrame.level: 3	
currentFrame.level: 1	
currentFrame.level: 1	
currentFrame.level: 1	
currentFrame.level: 3	
currentFrame.level: 5	
currentFrame.level: 3	
currentFrame.level: 1	
currentFrame.level: 2	
currentFrame.level: 1	
currentFrame.level: 5	
currentFrame.level: 5	
currentFrame.level: 4	
currentFrame.level: 2	
currentFrame.level: 3	
currentFrame.level: 3	
currentFrame.level: 1	
currentFrame.level: 1	
currentFrame.level: 1	
currentFrame.level: 4	
currentFrame.level: 1	
currentFrame.level: 1	
currentFrame.level: 2	
currentFrame.level: 1	
currentFrame.level: 1	
currentFrame.level: 1	
currentFrame.level: 1	
currentFrame.level: 2	
currentFrame.level: 1	
currentFrame.level: 3	
currentFrame.level: 1	
currentFrame.level: 1	
currentFrame.level: 1	
currentFrame.level: 1	
currentFrame.level: 1	
currentFrame.level: 1	
1	bottom	
2	right	
3	left	
4	top	
1	bottom	
currentFrame.level: 1	
currentFrame.level: 2	
currentFrame.level: 1	
currentFrame.level: 2	
currentFrame.level: 3	
currentFrame.level: 3	
currentFrame.level: 1	
currentFrame.level: 1	
currentFrame.level: 7	
currentFrame.level: 3	
currentFrame.level: 3	
currentFrame.level: 1	
currentFrame.level: 1	
currentFrame.level: 1	
currentFrame.level: 3	
currentFrame.level: 5	
currentFrame.level: 3	
currentFrame.level: 1	
currentFrame.level: 2	
currentFrame.level: 1	
currentFrame.level: 5	
currentFrame.level: 5	
currentFrame.level: 4	
currentFrame.level: 2	
currentFrame.level: 3	
currentFrame.level: 3	
currentFrame.level: 1	
currentFrame.level: 1	
currentFrame.level: 1	
currentFrame.level: 1	
currentFrame.level: 1	
currentFrame.level: 2	
currentFrame.level: 1	
currentFrame.level: 1	
currentFrame.level: 1	
currentFrame.level: 1	
currentFrame.level: 2	
currentFrame.level: 1	
currentFrame.level: 3	
currentFrame.level: 1	
currentFrame.level: 1	
currentFrame.level: 1	
currentFrame.level: 1	
currentFrame.level: 1	
currentFrame.level: 1	
1	top	
currentFrame.level: 1	
currentFrame.level: 2	
currentFrame.level: 1	
currentFrame.level: 2	
currentFrame.level: 3	
currentFrame.level: 3	
currentFrame.level: 1	
currentFrame.level: 1	
currentFrame.level: 7	
currentFrame.level: 3	
currentFrame.level: 3	
currentFrame.level: 1	
currentFrame.level: 1	
currentFrame.level: 1	
currentFrame.level: 3	
currentFrame.level: 5	
currentFrame.level: 3	
currentFrame.level: 1	
currentFrame.level: 2	
currentFrame.level: 1	
currentFrame.level: 5	
currentFrame.level: 5	
currentFrame.level: 4	
currentFrame.level: 2	
currentFrame.level: 3	
currentFrame.level: 3	
currentFrame.level: 1	
currentFrame.level: 1	
currentFrame.level: 1	
currentFrame.level: 1	
currentFrame.level: 2	
currentFrame.level: 1	
currentFrame.level: 1	
currentFrame.level: 1	
currentFrame.level: 1	
currentFrame.level: 2	
currentFrame.level: 1	
currentFrame.level: 3	
currentFrame.level: 1	
currentFrame.level: 1	
currentFrame.level: 1	
currentFrame.level: 1	
currentFrame.level: 1	
currentFrame.level: 1	
currentFrame.level: 2	
currentFrame.level: 2	
currentFrame.level: 2	
currentFrame.level: 2	
currentFrame.level: 2	
currentFrame.level: 2	
currentFrame.level: 2	
currentFrame.level: 2	
currentFrame.level: 1	
currentFrame.level: 1	
currentFrame.level: 1	
currentFrame.level: 1	
currentFrame.level: 2	
currentFrame.level: 2	
currentFrame.level: 1	
currentFrame.level: 1	
currentFrame.level: 2	
currentFrame.level: 2	
currentFrame.level: 1	
currentFrame.level: 1	
currentFrame.level: 1	
currentFrame.level: 1	
currentFrame.level: 1	
currentFrame.level: 1	
currentFrame.level: 1	
currentFrame.level: 1	
currentFrame.level: 1	
currentFrame.level: 1	
currentFrame.level: 1	
currentFrame.level: 1	
currentFrame.level: 1	
currentFrame.level: 1	
currentFrame.level: 2	
currentFrame.level: 2	
currentFrame.level: 2	
currentFrame.level: 2	
currentFrame.level: 1	
currentFrame.level: 1	
currentFrame.level: 1	
currentFrame.level: 1	
currentFrame.level: 3	
currentFrame.level: 3	
currentFrame.level: 1	
currentFrame.level: 1	
currentFrame.level: 3	
currentFrame.level: 3	
currentFrame.level: 2	
currentFrame.level: 2	
currentFrame.level: 1	
currentFrame.level: 1	
currentFrame.level: 2	
currentFrame.level: 2	
currentFrame.level: 2	
currentFrame.level: 2	
currentFrame.level: 1	
currentFrame.level: 1	
currentFrame.level: 3	
currentFrame.level: 3	
currentFrame.level: 1	
currentFrame.level: 1	
currentFrame.level: 1	
currentFrame.level: 1	
currentFrame.level: 1	
currentFrame.level: 1	
currentFrame.level: 1	
currentFrame.level: 1	
currentFrame.level: 1	
currentFrame.level: 1	
currentFrame.level: 1	
currentFrame.level: 1	
currentFrame.level: 1	
currentFrame.level: 1	
currentFrame.level: 1	
currentFrame.level: 1	
currentFrame.level: 2	
currentFrame.level: 2	
currentFrame.level: 1	
currentFrame.level: 1	
currentFrame.level: 2	
currentFrame.level: 2	
currentFrame.level: 2	
currentFrame.level: 2	
currentFrame.level: 2	
currentFrame.level: 2	
currentFrame.level: 1	
currentFrame.level: 1	
currentFrame.level: 3	
currentFrame.level: 3	
currentFrame.level: 2	
currentFrame.level: 2	
currentFrame.level: 1	
currentFrame.level: 1	
currentFrame.level: 2	
currentFrame.level: 2	
currentFrame.level: 3	
currentFrame.level: 3	
currentFrame.level: 2	
currentFrame.level: 2	
1	bottom	
1	bottom	
2	top	
2	top	
3	left	
3	left	
4	right	
4	right	
5	top-right	
5	top-right	
6	top-left	
6	top-left	
7	bottom-right	
7	bottom-right	
8	bottom-left	
8	bottom-left	
currentFrame.level: 2	
currentFrame.level: 2	
currentFrame.level: 2	
currentFrame.level: 2	
currentFrame.level: 2	
currentFrame.level: 2	
currentFrame.level: 2	
currentFrame.level: 2	
currentFrame.level: 1	
currentFrame.level: 1	
currentFrame.level: 1	
currentFrame.level: 1	
currentFrame.level: 2	
currentFrame.level: 2	
currentFrame.level: 1	
currentFrame.level: 1	
currentFrame.level: 2	
currentFrame.level: 2	
currentFrame.level: 3	
currentFrame.level: 3	
currentFrame.level: 3	
currentFrame.level: 3	
currentFrame.level: 3	
currentFrame.level: 3	
currentFrame.level: 1	
currentFrame.level: 1	
currentFrame.level: 1	
currentFrame.level: 1	
currentFrame.level: 1	
currentFrame.level: 1	
currentFrame.level: 1	
currentFrame.level: 1	
currentFrame.level: 4	
currentFrame.level: 4	
currentFrame.level: 3	
currentFrame.level: 3	
currentFrame.level: 1	
currentFrame.level: 1	
currentFrame.level: 3	
currentFrame.level: 3	
currentFrame.level: 1	
currentFrame.level: 1	
currentFrame.level: 3	
currentFrame.level: 3	
currentFrame.level: 4	
currentFrame.level: 4	
currentFrame.level: 3	
currentFrame.level: 3	
currentFrame.level: 4	
currentFrame.level: 4	
currentFrame.level: 2	
currentFrame.level: 2	
currentFrame.level: 1	
currentFrame.level: 1	
currentFrame.level: 3	
currentFrame.level: 3	
currentFrame.level: 1	
currentFrame.level: 1	
currentFrame.level: 1	
currentFrame.level: 1	
currentFrame.level: 1	
currentFrame.level: 1	
currentFrame.level: 1	
currentFrame.level: 1	
currentFrame.level: 1	
currentFrame.level: 1	
currentFrame.level: 1	
currentFrame.level: 1	
currentFrame.level: 1	
currentFrame.level: 1	
currentFrame.level: 1	
currentFrame.level: 1	
currentFrame.level: 2	
currentFrame.level: 2	
currentFrame.level: 1	
currentFrame.level: 1	
currentFrame.level: 2	
currentFrame.level: 2	
currentFrame.level: 2	
currentFrame.level: 2	
currentFrame.level: 2	
currentFrame.level: 2	
currentFrame.level: 1	
currentFrame.level: 1	
currentFrame.level: 3	
currentFrame.level: 3	
currentFrame.level: 2	
currentFrame.level: 2	
currentFrame.level: 1	
currentFrame.level: 1	
currentFrame.level: 2	
currentFrame.level: 2	
currentFrame.level: 3	
currentFrame.level: 3	
currentFrame.level: 2	
currentFrame.level: 2	
1	top	
1	top	
2	right	
2	right	
3	top-right	
3	top-right	
4	bottom-right	
4	bottom-right	
1	bottom	
1	bottom	
2	top	
2	top	
3	left	
3	left	
4	right	
4	right	
5	top-right	
5	top-right	
6	top-left	
6	top-left	
7	bottom-right	
7	bottom-right	
8	bottom-left	
8	bottom-left	
currentFrame.level: 2	
currentFrame.level: 2	
currentFrame.level: 2	
currentFrame.level: 2	
currentFrame.level: 2	
currentFrame.level: 2	
currentFrame.level: 2	
currentFrame.level: 2	
currentFrame.level: 1	
currentFrame.level: 1	
currentFrame.level: 1	
currentFrame.level: 1	
currentFrame.level: 2	
currentFrame.level: 2	
currentFrame.level: 1	
currentFrame.level: 1	
currentFrame.level: 2	
currentFrame.level: 2	
currentFrame.level: 3	
currentFrame.level: 3	
currentFrame.level: 3	
currentFrame.level: 3	
currentFrame.level: 3	
currentFrame.level: 3	
currentFrame.level: 1	
currentFrame.level: 1	
currentFrame.level: 1	
currentFrame.level: 1	
currentFrame.level: 1	
currentFrame.level: 1	
currentFrame.level: 1	
currentFrame.level: 1	
currentFrame.level: 4	
currentFrame.level: 4	
currentFrame.level: 3	
currentFrame.level: 3	
currentFrame.level: 1	
currentFrame.level: 1	
currentFrame.level: 3	
currentFrame.level: 3	
currentFrame.level: 1	
currentFrame.level: 1	
currentFrame.level: 3	
currentFrame.level: 3	
currentFrame.level: 4	
currentFrame.level: 4	
currentFrame.level: 7	
currentFrame.level: 7	
currentFrame.level: 4	
currentFrame.level: 4	
currentFrame.level: 2	
currentFrame.level: 2	
currentFrame.level: 1	
currentFrame.level: 1	
currentFrame.level: 3	
currentFrame.level: 3	
currentFrame.level: 1	
currentFrame.level: 1	
currentFrame.level: 1	
currentFrame.level: 1	
currentFrame.level: 1	
currentFrame.level: 1	
currentFrame.level: 1	
currentFrame.level: 1	
currentFrame.level: 1	
currentFrame.level: 1	
currentFrame.level: 1	
currentFrame.level: 1	
currentFrame.level: 1	
currentFrame.level: 1	
currentFrame.level: 1	
currentFrame.level: 1	
currentFrame.level: 2	
currentFrame.level: 2	
currentFrame.level: 1	
currentFrame.level: 1	
currentFrame.level: 2	
currentFrame.level: 2	
currentFrame.level: 2	
currentFrame.level: 2	
currentFrame.level: 2	
currentFrame.level: 2	
currentFrame.level: 1	
currentFrame.level: 1	
currentFrame.level: 3	
currentFrame.level: 3	
currentFrame.level: 2	
currentFrame.level: 2	
currentFrame.level: 1	
currentFrame.level: 1	
currentFrame.level: 2	
currentFrame.level: 2	
currentFrame.level: 3	
currentFrame.level: 3	
currentFrame.level: 2	
currentFrame.level: 2	
1	bottom	
1	bottom	
2	top	
2	top	
currentFrame.level: 2	
currentFrame.level: 2	
currentFrame.level: 2	
currentFrame.level: 2	
currentFrame.level: 2	
currentFrame.level: 2	
currentFrame.level: 2	
currentFrame.level: 2	
currentFrame.level: 1	
currentFrame.level: 1	
currentFrame.level: 1	
currentFrame.level: 1	
currentFrame.level: 2	
currentFrame.level: 2	
currentFrame.level: 1	
currentFrame.level: 1	
currentFrame.level: 2	
currentFrame.level: 2	
currentFrame.level: 3	
currentFrame.level: 3	
currentFrame.level: 3	
currentFrame.level: 3	
currentFrame.level: 3	
currentFrame.level: 3	
currentFrame.level: 1	
currentFrame.level: 1	
currentFrame.level: 1	
currentFrame.level: 1	
currentFrame.level: 1	
currentFrame.level: 1	
currentFrame.level: 1	
currentFrame.level: 1	
currentFrame.level: 1	
currentFrame.level: 1	
currentFrame.level: 3	
currentFrame.level: 3	
currentFrame.level: 1	
currentFrame.level: 1	
currentFrame.level: 3	
currentFrame.level: 3	
currentFrame.level: 1	
currentFrame.level: 1	
currentFrame.level: 3	
currentFrame.level: 3	
currentFrame.level: 7	
currentFrame.level: 7	
currentFrame.level: 4	
currentFrame.level: 4	
currentFrame.level: 2	
currentFrame.level: 2	
currentFrame.level: 1	
currentFrame.level: 1	
currentFrame.level: 3	
currentFrame.level: 3	
currentFrame.level: 1	
currentFrame.level: 1	
currentFrame.level: 8	
currentFrame.level: 8	
currentFrame.level: 1	
currentFrame.level: 1	
currentFrame.level: 1	
currentFrame.level: 1	
currentFrame.level: 1	
currentFrame.level: 1	
currentFrame.level: 1	
currentFrame.level: 1	
currentFrame.level: 1	
currentFrame.level: 1	
currentFrame.level: 1	
currentFrame.level: 1	
currentFrame.level: 2	
currentFrame.level: 2	
currentFrame.level: 1	
currentFrame.level: 1	
currentFrame.level: 2	
currentFrame.level: 2	
currentFrame.level: 2	
currentFrame.level: 2	
currentFrame.level: 2	
currentFrame.level: 2	
currentFrame.level: 1	
currentFrame.level: 1	
currentFrame.level: 3	
currentFrame.level: 3	
currentFrame.level: 2	
currentFrame.level: 2	
currentFrame.level: 1	
currentFrame.level: 1	
currentFrame.level: 2	
currentFrame.level: 2	
currentFrame.level: 3	
currentFrame.level: 3	
currentFrame.level: 2	
currentFrame.level: 2	
1	top-right	
1	top-right	
2	top-left	
2	top-left	
3	bottom-right	
3	bottom-right	
4	bottom-left	
4	bottom-left	
currentFrame.level: 2	
currentFrame.level: 2	
currentFrame.level: 2	
currentFrame.level: 2	
currentFrame.level: 2	
currentFrame.level: 2	
currentFrame.level: 2	
currentFrame.level: 2	
currentFrame.level: 1	
currentFrame.level: 1	
currentFrame.level: 1	
currentFrame.level: 1	
currentFrame.level: 2	
currentFrame.level: 2	
currentFrame.level: 1	
currentFrame.level: 1	
currentFrame.level: 2	
currentFrame.level: 2	
currentFrame.level: 3	
currentFrame.level: 3	
currentFrame.level: 3	
currentFrame.level: 3	
currentFrame.level: 3	
currentFrame.level: 3	
currentFrame.level: 1	
currentFrame.level: 1	
currentFrame.level: 1	
currentFrame.level: 1	
currentFrame.level: 1	
currentFrame.level: 1	
currentFrame.level: 1	
currentFrame.level: 1	
currentFrame.level: 3	
currentFrame.level: 3	
currentFrame.level: 1	
currentFrame.level: 1	
currentFrame.level: 3	
currentFrame.level: 3	
currentFrame.level: 1	
currentFrame.level: 1	
currentFrame.level: 3	
currentFrame.level: 3	
currentFrame.level: 7	
currentFrame.level: 7	
currentFrame.level: 4	
currentFrame.level: 4	
currentFrame.level: 2	
currentFrame.level: 2	
currentFrame.level: 1	
currentFrame.level: 1	
currentFrame.level: 3	
currentFrame.level: 3	
currentFrame.level: 1	
currentFrame.level: 1	
currentFrame.level: 8	
currentFrame.level: 8	
currentFrame.level: 1	
currentFrame.level: 1	
currentFrame.level: 1	
currentFrame.level: 1	
currentFrame.level: 1	
currentFrame.level: 1	
currentFrame.level: 1	
currentFrame.level: 1	
currentFrame.level: 1	
currentFrame.level: 1	
currentFrame.level: 1	
currentFrame.level: 1	
currentFrame.level: 2	
currentFrame.level: 2	
currentFrame.level: 1	
currentFrame.level: 1	
currentFrame.level: 2	
currentFrame.level: 2	
currentFrame.level: 2	
currentFrame.level: 2	
currentFrame.level: 2	
currentFrame.level: 2	
currentFrame.level: 1	
currentFrame.level: 1	
currentFrame.level: 3	
currentFrame.level: 3	
currentFrame.level: 2	
currentFrame.level: 2	
currentFrame.level: 1	
currentFrame.level: 1	
currentFrame.level: 2	
currentFrame.level: 2	
currentFrame.level: 3	
currentFrame.level: 3	
currentFrame.level: 2	
currentFrame.level: 2	
1	top	
1	top	
2	right	
2	right	
3	left	
3	left	
currentFrame.level: 2	
currentFrame.level: 2	
currentFrame.level: 2	
currentFrame.level: 2	
currentFrame.level: 2	
currentFrame.level: 2	
currentFrame.level: 2	
currentFrame.level: 2	
currentFrame.level: 1	
currentFrame.level: 1	
currentFrame.level: 1	
currentFrame.level: 1	
currentFrame.level: 2	
currentFrame.level: 2	
currentFrame.level: 1	
currentFrame.level: 1	
currentFrame.level: 2	
currentFrame.level: 2	
currentFrame.level: 3	
currentFrame.level: 3	
currentFrame.level: 3	
currentFrame.level: 3	
currentFrame.level: 3	
currentFrame.level: 3	
currentFrame.level: 1	
currentFrame.level: 1	
currentFrame.level: 1	
currentFrame.level: 1	
currentFrame.level: 1	
currentFrame.level: 1	
currentFrame.level: 1	
currentFrame.level: 1	
currentFrame.level: 3	
currentFrame.level: 3	
currentFrame.level: 1	
currentFrame.level: 1	
currentFrame.level: 3	
currentFrame.level: 3	
currentFrame.level: 1	
currentFrame.level: 1	
currentFrame.level: 3	
currentFrame.level: 3	
currentFrame.level: 7	
currentFrame.level: 7	
currentFrame.level: 4	
currentFrame.level: 4	
currentFrame.level: 2	
currentFrame.level: 2	
currentFrame.level: 1	
currentFrame.level: 1	
currentFrame.level: 3	
currentFrame.level: 3	
currentFrame.level: 1	
currentFrame.level: 1	
currentFrame.level: 8	
currentFrame.level: 8	
currentFrame.level: 1	
currentFrame.level: 1	
currentFrame.level: 1	
currentFrame.level: 1	
currentFrame.level: 1	
currentFrame.level: 1	
currentFrame.level: 1	
currentFrame.level: 1	
currentFrame.level: 1	
currentFrame.level: 1	
currentFrame.level: 1	
currentFrame.level: 1	
currentFrame.level: 3	
currentFrame.level: 3	
currentFrame.level: 2	
currentFrame.level: 2	
currentFrame.level: 2	
currentFrame.level: 2	
currentFrame.level: 2	
currentFrame.level: 2	
currentFrame.level: 1	
currentFrame.level: 1	
currentFrame.level: 3	
currentFrame.level: 3	
currentFrame.level: 2	
currentFrame.level: 2	
currentFrame.level: 1	
currentFrame.level: 1	
currentFrame.level: 2	
currentFrame.level: 2	
currentFrame.level: 3	
currentFrame.level: 3	
currentFrame.level: 2	
currentFrame.level: 2	
1	top-right	
1	top-right	
2	top-left	
2	top-left	
3	bottom-right	
3	bottom-right	
4	bottom-left	
4	bottom-left	
currentFrame.level: 2	
currentFrame.level: 2	
currentFrame.level: 2	
currentFrame.level: 2	
currentFrame.level: 2	
currentFrame.level: 2	
currentFrame.level: 2	
currentFrame.level: 2	
currentFrame.level: 1	
currentFrame.level: 1	
currentFrame.level: 1	
currentFrame.level: 1	
currentFrame.level: 2	
currentFrame.level: 2	
currentFrame.level: 1	
currentFrame.level: 1	
currentFrame.level: 2	
currentFrame.level: 2	
currentFrame.level: 3	
currentFrame.level: 3	
currentFrame.level: 3	
currentFrame.level: 3	
currentFrame.level: 3	
currentFrame.level: 3	
currentFrame.level: 1	
currentFrame.level: 1	
currentFrame.level: 1	
currentFrame.level: 1	
currentFrame.level: 1	
currentFrame.level: 1	
currentFrame.level: 1	
currentFrame.level: 1	
currentFrame.level: 3	
currentFrame.level: 3	
currentFrame.level: 1	
currentFrame.level: 1	
currentFrame.level: 3	
currentFrame.level: 3	
currentFrame.level: 1	
currentFrame.level: 1	
currentFrame.level: 3	
currentFrame.level: 3	
currentFrame.level: 7	
currentFrame.level: 7	
currentFrame.level: 4	
currentFrame.level: 4	
currentFrame.level: 2	
currentFrame.level: 2	
currentFrame.level: 1	
currentFrame.level: 1	
currentFrame.level: 3	
currentFrame.level: 3	
currentFrame.level: 1	
currentFrame.level: 1	
currentFrame.level: 8	
currentFrame.level: 8	
currentFrame.level: 1	
currentFrame.level: 1	
currentFrame.level: 1	
currentFrame.level: 1	
currentFrame.level: 1	
currentFrame.level: 1	
currentFrame.level: 1	
currentFrame.level: 1	
currentFrame.level: 1	
currentFrame.level: 1	
currentFrame.level: 3	
currentFrame.level: 3	
currentFrame.level: 2	
currentFrame.level: 2	
currentFrame.level: 2	
currentFrame.level: 2	
currentFrame.level: 2	
currentFrame.level: 2	
currentFrame.level: 1	
currentFrame.level: 1	
currentFrame.level: 3	
currentFrame.level: 3	
currentFrame.level: 2	
currentFrame.level: 2	
currentFrame.level: 1	
currentFrame.level: 1	
currentFrame.level: 2	
currentFrame.level: 2	
currentFrame.level: 3	
currentFrame.level: 3	
currentFrame.level: 2	
currentFrame.level: 2	
1	top	
1	top	
2	right	
2	right	
3	left	
3	left	
currentFrame.level: 2	
currentFrame.level: 2	
currentFrame.level: 2	
currentFrame.level: 2	
currentFrame.level: 2	
currentFrame.level: 2	
currentFrame.level: 2	
currentFrame.level: 2	
currentFrame.level: 1	
currentFrame.level: 1	
currentFrame.level: 1	
currentFrame.level: 1	
currentFrame.level: 2	
currentFrame.level: 2	
currentFrame.level: 1	
currentFrame.level: 1	
currentFrame.level: 2	
currentFrame.level: 2	
currentFrame.level: 3	
currentFrame.level: 3	
currentFrame.level: 3	
currentFrame.level: 3	
currentFrame.level: 3	
currentFrame.level: 3	
currentFrame.level: 1	
currentFrame.level: 1	
currentFrame.level: 1	
currentFrame.level: 1	
currentFrame.level: 1	
currentFrame.level: 1	
currentFrame.level: 1	
currentFrame.level: 1	
currentFrame.level: 3	
currentFrame.level: 3	
currentFrame.level: 1	
currentFrame.level: 1	
currentFrame.level: 3	
currentFrame.level: 3	
currentFrame.level: 1	
currentFrame.level: 1	
currentFrame.level: 3	
currentFrame.level: 3	
currentFrame.level: 7	
currentFrame.level: 7	
currentFrame.level: 4	
currentFrame.level: 4	
currentFrame.level: 2	
currentFrame.level: 2	
currentFrame.level: 1	
currentFrame.level: 1	
currentFrame.level: 3	
currentFrame.level: 3	
currentFrame.level: 1	
currentFrame.level: 1	
currentFrame.level: 8	
currentFrame.level: 8	
currentFrame.level: 1	
currentFrame.level: 1	
currentFrame.level: 1	
currentFrame.level: 1	
currentFrame.level: 1	
currentFrame.level: 1	
currentFrame.level: 1	
currentFrame.level: 1	
currentFrame.level: 1	
currentFrame.level: 1	
currentFrame.level: 3	
currentFrame.level: 3	
currentFrame.level: 4	
currentFrame.level: 4	
currentFrame.level: 2	
currentFrame.level: 2	
currentFrame.level: 1	
currentFrame.level: 1	
currentFrame.level: 3	
currentFrame.level: 3	
currentFrame.level: 2	
currentFrame.level: 2	
currentFrame.level: 1	
currentFrame.level: 1	
currentFrame.level: 2	
currentFrame.level: 2	
currentFrame.level: 3	
currentFrame.level: 3	
currentFrame.level: 2	
currentFrame.level: 2	
1	top-right	
1	top-right	
questionMark ui	
questionMark ui	
row: 3   5<7	
row: 3   5<7	
row: 4   6<7	
row: 4   6<7	
row: 6   4<7	
row: 6   4<7	
row: 3   6<7	
row: 3   6<7	
row: 4   6<7	
row: 4   6<7	
row: 6   4<7	
row: 6   4<7	
randomRow: 3	
randomRow: 3	
row size: 6	
row size: 6	
row: 3   6<7	
row: 3   6<7	
row: 6   4<7	
row: 6   4<7	
randomRow: 4	
randomRow: 4	
row size: 7	
row size: 7	
row: 3   6<7	
row: 3   6<7	
row: 6   5<7	
row: 6   5<7	
randomRow: 6	
randomRow: 6	
row size: 5	
row size: 5	
currentFrame.level: 2	
currentFrame.level: 2	
currentFrame.level: 2	
currentFrame.level: 2	
currentFrame.level: 2	
currentFrame.level: 2	
currentFrame.level: 2	
currentFrame.level: 2	
currentFrame.level: 1	
currentFrame.level: 1	
currentFrame.level: 1	
currentFrame.level: 1	
currentFrame.level: 2	
currentFrame.level: 2	
currentFrame.level: 1	
currentFrame.level: 1	
currentFrame.level: 2	
currentFrame.level: 2	
currentFrame.level: 3	
currentFrame.level: 3	
currentFrame.level: 3	
currentFrame.level: 3	
currentFrame.level: 3	
currentFrame.level: 3	
currentFrame.level: 1	
currentFrame.level: 1	
currentFrame.level: 1	
currentFrame.level: 1	
currentFrame.level: 1	
currentFrame.level: 1	
currentFrame.level: 1	
currentFrame.level: 1	
currentFrame.level: 3	
currentFrame.level: 3	
currentFrame.level: 1	
currentFrame.level: 1	
currentFrame.level: 3	
currentFrame.level: 3	
currentFrame.level: 5	
currentFrame.level: 5	
currentFrame.level: 1	
currentFrame.level: 1	
currentFrame.level: 3	
currentFrame.level: 3	
currentFrame.level: 7	
currentFrame.level: 7	
currentFrame.level: 4	
currentFrame.level: 4	
currentFrame.level: 1	
currentFrame.level: 1	
currentFrame.level: 3	
currentFrame.level: 3	
currentFrame.level: 3	
currentFrame.level: 3	
currentFrame.level: 1	
currentFrame.level: 1	
currentFrame.level: 8	
currentFrame.level: 8	
currentFrame.level: 1	
currentFrame.level: 1	
currentFrame.level: 1	
currentFrame.level: 1	
currentFrame.level: 1	
currentFrame.level: 1	
currentFrame.level: 1	
currentFrame.level: 1	
currentFrame.level: 1	
currentFrame.level: 1	
currentFrame.level: 3	
currentFrame.level: 3	
currentFrame.level: 4	
currentFrame.level: 4	
currentFrame.level: 2	
currentFrame.level: 2	
currentFrame.level: 3	
currentFrame.level: 3	
currentFrame.level: 1	
currentFrame.level: 1	
currentFrame.level: 3	
currentFrame.level: 3	
currentFrame.level: 2	
currentFrame.level: 2	
currentFrame.level: 1	
currentFrame.level: 1	
currentFrame.level: 2	
currentFrame.level: 2	
currentFrame.level: 3	
currentFrame.level: 3	
currentFrame.level: 2	
currentFrame.level: 2	
1	top-right	
1	top-right	
1	bottom	
1	bottom	
2	top	
2	top	
3	left	
3	left	
4	right	
4	right	
5	top-right	
5	top-right	
6	top-left	
6	top-left	
7	bottom-right	
7	bottom-right	
8	bottom-left	
8	bottom-left	
currentFrame.level: 2	
currentFrame.level: 2	
currentFrame.level: 2	
currentFrame.level: 2	
currentFrame.level: 2	
currentFrame.level: 2	
currentFrame.level: 3	
currentFrame.level: 3	
currentFrame.level: 2	
currentFrame.level: 2	
currentFrame.level: 2	
currentFrame.level: 2	
currentFrame.level: 1	
currentFrame.level: 1	
currentFrame.level: 2	
currentFrame.level: 2	
currentFrame.level: 3	
currentFrame.level: 3	
currentFrame.level: 4	
currentFrame.level: 4	
currentFrame.level: 4	
currentFrame.level: 4	
currentFrame.level: 2	
currentFrame.level: 2	
currentFrame.level: 1	
currentFrame.level: 1	
currentFrame.level: 1	
currentFrame.level: 1	
currentFrame.level: 1	
currentFrame.level: 1	
currentFrame.level: 3	
currentFrame.level: 3	
currentFrame.level: 1	
currentFrame.level: 1	
currentFrame.level: 3	
currentFrame.level: 3	
currentFrame.level: 5	
currentFrame.level: 5	
currentFrame.level: 1	
currentFrame.level: 1	
currentFrame.level: 3	
currentFrame.level: 3	
currentFrame.level: 7	
currentFrame.level: 7	
currentFrame.level: 4	
currentFrame.level: 4	
currentFrame.level: 1	
currentFrame.level: 1	
currentFrame.level: 3	
currentFrame.level: 3	
currentFrame.level: 3	
currentFrame.level: 3	
currentFrame.level: 1	
currentFrame.level: 1	
currentFrame.level: 8	
currentFrame.level: 8	
currentFrame.level: 1	
currentFrame.level: 1	
currentFrame.level: 1	
currentFrame.level: 1	
currentFrame.level: 1	
currentFrame.level: 1	
currentFrame.level: 1	
currentFrame.level: 1	
currentFrame.level: 1	
currentFrame.level: 1	
currentFrame.level: 3	
currentFrame.level: 3	
currentFrame.level: 4	
currentFrame.level: 4	
currentFrame.level: 2	
currentFrame.level: 2	
currentFrame.level: 3	
currentFrame.level: 3	
currentFrame.level: 1	
currentFrame.level: 1	
currentFrame.level: 3	
currentFrame.level: 3	
currentFrame.level: 2	
currentFrame.level: 2	
currentFrame.level: 1	
currentFrame.level: 1	
currentFrame.level: 2	
currentFrame.level: 2	
currentFrame.level: 3	
currentFrame.level: 3	
currentFrame.level: 2	
currentFrame.level: 2	
1	bottom	
1	bottom	
2	top	
2	top	
3	left	
3	left	
4	right	
4	right	
currentFrame.level: 2	
currentFrame.level: 2	
currentFrame.level: 2	
currentFrame.level: 2	
currentFrame.level: 2	
currentFrame.level: 2	
currentFrame.level: 3	
currentFrame.level: 3	
currentFrame.level: 2	
currentFrame.level: 2	
currentFrame.level: 2	
currentFrame.level: 2	
currentFrame.level: 1	
currentFrame.level: 1	
currentFrame.level: 2	
currentFrame.level: 2	
currentFrame.level: 7	
currentFrame.level: 7	
currentFrame.level: 4	
currentFrame.level: 4	
currentFrame.level: 2	
currentFrame.level: 2	
currentFrame.level: 1	
currentFrame.level: 1	
currentFrame.level: 1	
currentFrame.level: 1	
currentFrame.level: 1	
currentFrame.level: 1	
currentFrame.level: 3	
currentFrame.level: 3	
currentFrame.level: 1	
currentFrame.level: 1	
currentFrame.level: 3	
currentFrame.level: 3	
currentFrame.level: 5	
currentFrame.level: 5	
currentFrame.level: 1	
currentFrame.level: 1	
currentFrame.level: 3	
currentFrame.level: 3	
currentFrame.level: 7	
currentFrame.level: 7	
currentFrame.level: 4	
currentFrame.level: 4	
currentFrame.level: 1	
currentFrame.level: 1	
currentFrame.level: 3	
currentFrame.level: 3	
currentFrame.level: 3	
currentFrame.level: 3	
currentFrame.level: 1	
currentFrame.level: 1	
currentFrame.level: 8	
currentFrame.level: 8	
currentFrame.level: 1	
currentFrame.level: 1	
currentFrame.level: 1	
currentFrame.level: 1	
currentFrame.level: 1	
currentFrame.level: 1	
currentFrame.level: 1	
currentFrame.level: 1	
currentFrame.level: 1	
currentFrame.level: 1	
currentFrame.level: 3	
currentFrame.level: 3	
currentFrame.level: 4	
currentFrame.level: 4	
currentFrame.level: 2	
currentFrame.level: 2	
currentFrame.level: 3	
currentFrame.level: 3	
currentFrame.level: 1	
currentFrame.level: 1	
currentFrame.level: 3	
currentFrame.level: 3	
currentFrame.level: 2	
currentFrame.level: 2	
currentFrame.level: 1	
currentFrame.level: 1	
currentFrame.level: 2	
currentFrame.level: 2	
currentFrame.level: 3	
currentFrame.level: 3	
currentFrame.level: 2	
currentFrame.level: 2	
1	bottom	
1	bottom	
2	top	
2	top	
3	left	
3	left	
4	right	
4	right	
currentFrame.level: 2	
currentFrame.level: 2	
currentFrame.level: 2	
currentFrame.level: 2	
currentFrame.level: 2	
currentFrame.level: 2	
currentFrame.level: 3	
currentFrame.level: 3	
currentFrame.level: 2	
currentFrame.level: 2	
currentFrame.level: 2	
currentFrame.level: 2	
currentFrame.level: 1	
currentFrame.level: 1	
currentFrame.level: 7	
currentFrame.level: 7	
currentFrame.level: 4	
currentFrame.level: 4	
currentFrame.level: 2	
currentFrame.level: 2	
currentFrame.level: 1	
currentFrame.level: 1	
currentFrame.level: 1	
currentFrame.level: 1	
currentFrame.level: 3	
currentFrame.level: 3	
currentFrame.level: 3	
currentFrame.level: 3	
currentFrame.level: 1	
currentFrame.level: 1	
currentFrame.level: 3	
currentFrame.level: 3	
currentFrame.level: 5	
currentFrame.level: 5	
currentFrame.level: 1	
currentFrame.level: 1	
currentFrame.level: 3	
currentFrame.level: 3	
currentFrame.level: 7	
currentFrame.level: 7	
currentFrame.level: 4	
currentFrame.level: 4	
currentFrame.level: 1	
currentFrame.level: 1	
currentFrame.level: 3	
currentFrame.level: 3	
currentFrame.level: 3	
currentFrame.level: 3	
currentFrame.level: 1	
currentFrame.level: 1	
currentFrame.level: 8	
currentFrame.level: 8	
currentFrame.level: 1	
currentFrame.level: 1	
currentFrame.level: 1	
currentFrame.level: 1	
currentFrame.level: 1	
currentFrame.level: 1	
currentFrame.level: 1	
currentFrame.level: 1	
currentFrame.level: 1	
currentFrame.level: 1	
currentFrame.level: 3	
currentFrame.level: 3	
currentFrame.level: 4	
currentFrame.level: 4	
currentFrame.level: 2	
currentFrame.level: 2	
currentFrame.level: 3	
currentFrame.level: 3	
currentFrame.level: 1	
currentFrame.level: 1	
currentFrame.level: 3	
currentFrame.level: 3	
currentFrame.level: 2	
currentFrame.level: 2	
currentFrame.level: 1	
currentFrame.level: 1	
currentFrame.level: 2	
currentFrame.level: 2	
currentFrame.level: 3	
currentFrame.level: 3	
currentFrame.level: 2	
currentFrame.level: 2	
1	bottom	
1	bottom	
2	bottom-right	
2	bottom-right	
3	bottom-left	
3	bottom-left	
deathentity has an empty sideEffect	
deathentity has an empty sideEffect	
1	bottom	
1	bottom	
2	bottom-right	
2	bottom-right	
3	bottom-left	
3	bottom-left	
currentFrame.level: 2	
currentFrame.level: 2	
currentFrame.level: 2	
currentFrame.level: 2	
currentFrame.level: 2	
currentFrame.level: 2	
currentFrame.level: 3	
currentFrame.level: 3	
currentFrame.level: 2	
currentFrame.level: 2	
currentFrame.level: 2	
currentFrame.level: 2	
currentFrame.level: 1	
currentFrame.level: 1	
currentFrame.level: 7	
currentFrame.level: 7	
currentFrame.level: 4	
currentFrame.level: 4	
currentFrame.level: 2	
currentFrame.level: 2	
currentFrame.level: 1	
currentFrame.level: 1	
currentFrame.level: 1	
currentFrame.level: 1	
currentFrame.level: 3	
currentFrame.level: 3	
currentFrame.level: 3	
currentFrame.level: 3	
currentFrame.level: 1	
currentFrame.level: 1	
currentFrame.level: 3	
currentFrame.level: 3	
currentFrame.level: 5	
currentFrame.level: 5	
currentFrame.level: 1	
currentFrame.level: 1	
currentFrame.level: 3	
currentFrame.level: 3	
currentFrame.level: 7	
currentFrame.level: 7	
currentFrame.level: 4	
currentFrame.level: 4	
currentFrame.level: 1	
currentFrame.level: 1	
currentFrame.level: 3	
currentFrame.level: 3	
currentFrame.level: 3	
currentFrame.level: 3	
currentFrame.level: 1	
currentFrame.level: 1	
currentFrame.level: 8	
currentFrame.level: 8	
currentFrame.level: 1	
currentFrame.level: 1	
currentFrame.level: 1	
currentFrame.level: 1	
currentFrame.level: 1	
currentFrame.level: 1	
currentFrame.level: 1	
currentFrame.level: 1	
currentFrame.level: 3	
currentFrame.level: 3	
currentFrame.level: 4	
currentFrame.level: 4	
currentFrame.level: 4	
currentFrame.level: 4	
currentFrame.level: 1	
currentFrame.level: 1	
currentFrame.level: 3	
currentFrame.level: 3	
currentFrame.level: 2	
currentFrame.level: 2	
currentFrame.level: 1	
currentFrame.level: 1	
currentFrame.level: 2	
currentFrame.level: 2	
currentFrame.level: 3	
currentFrame.level: 3	
currentFrame.level: 2	
currentFrame.level: 2	
